mode: atomic
smart-store-admin/backend/db/mongodb.go:26.47,35.16 5 0
smart-store-admin/backend/db/mongodb.go:35.16,38.3 2 0
smart-store-admin/backend/db/mongodb.go:41.2,42.16 2 0
smart-store-admin/backend/db/mongodb.go:42.16,45.3 2 0
smart-store-admin/backend/db/mongodb.go:48.2,51.48 2 0
smart-store-admin/backend/db/mongodb.go:51.48,54.3 2 0
smart-store-admin/backend/db/mongodb.go:56.2,59.8 1 0
smart-store-admin/backend/db/mongodb.go:63.33,67.2 3 0
smart-store-admin/backend/db/mongodb.go:70.43,72.2 1 0
smart-store-admin/backend/db/mongodb.go:75.64,77.2 1 0
smart-store-admin/backend/db/mongodb.go:80.70,82.2 1 0
smart-store-admin/backend/db/mongodb.go:85.48,87.2 1 0
smart-store-admin/backend/db/mongodb.go:89.50,91.2 1 0
smart-store-admin/backend/db/mongodb.go:93.45,95.2 1 0
smart-store-admin/backend/db/mongodb.go:97.55,99.2 1 0
smart-store-admin/backend/main.go:13.13,19.16 3 0
smart-store-admin/backend/main.go:19.16,21.3 1 0
smart-store-admin/backend/main.go:22.2,40.41 9 0
smart-store-admin/backend/main.go:40.41,42.3 1 0
smart-store-admin/backend/config/config.go:14.26,20.2 1 0
smart-store-admin/backend/config/config.go:23.46,24.42 1 0
smart-store-admin/backend/config/config.go:24.42,26.3 1 0
smart-store-admin/backend/config/config.go:27.2,27.21 1 0
smart-store-admin/backend/models/index.go:13.45,37.95 4 0
smart-store-admin/backend/models/index.go:37.95,40.3 2 0
smart-store-admin/backend/models/index.go:43.2,61.98 2 0
smart-store-admin/backend/models/index.go:61.98,64.3 2 0
smart-store-admin/backend/models/index.go:67.2,85.89 2 0
smart-store-admin/backend/models/index.go:85.89,88.3 2 0
smart-store-admin/backend/models/index.go:91.2,109.103 2 0
smart-store-admin/backend/models/index.go:109.103,112.3 2 0
smart-store-admin/backend/models/index.go:114.2,114.12 1 0
smart-store-admin/backend/router/router.go:13.14,40.2 17 0
smart-store-admin/backend/practice/interfaces.go:5.13,21.2 6 0
smart-store-admin/backend/practice/interfaces.go:37.24,39.2 1 0
smart-store-admin/backend/practice/interfaces.go:41.22,43.2 1 0
smart-store-admin/backend/practice/interfaces.go:49.26,51.2 1 0
smart-store-admin/backend/practice/interfaces.go:53.36,55.2 1 0
smart-store-admin/backend/practice/interfaces.go:57.36,59.2 1 0
smart-store-admin/backend/practice/sample.go:8.20,10.16 2 0
smart-store-admin/backend/practice/sample.go:10.16,13.3 2 0
smart-store-admin/backend/practice/sample.go:14.2,18.16 4 0
smart-store-admin/backend/practice/sample.go:18.16,21.3 2 0
smart-store-admin/backend/practice/sample.go:22.2,29.26 4 0
smart-store-admin/backend/practice/sample.go:29.26,31.3 1 0
smart-store-admin/backend/practice/sample.go:34.16,37.13 2 0
smart-store-admin/backend/practice/sample.go:37.13,40.3 2 0
smart-store-admin/backend/practice/sample.go:42.2,42.26 1 0
smart-store-admin/backend/practice/sample.go:42.26,44.3 1 0
smart-store-admin/backend/practice/sample.go:46.2,46.41 1 0
smart-store-admin/backend/practice/sample.go:46.41,48.3 1 0
smart-store-admin/backend/practice/sample.go:50.2,50.19 1 0
smart-store-admin/backend/practice/sample.go:50.19,52.3 1 0
smart-store-admin/backend/practice/sample.go:54.2,54.19 1 0
smart-store-admin/backend/practice/sample.go:54.19,55.13 1 0
smart-store-admin/backend/practice/sample.go:55.13,56.9 1 0
smart-store-admin/backend/practice/sample.go:58.3,58.17 1 0
smart-store-admin/backend/practice/sample.go:61.2,61.19 1 0
smart-store-admin/backend/practice/sample.go:61.19,62.13 1 0
smart-store-admin/backend/practice/sample.go:62.13,63.12 1 0
smart-store-admin/backend/practice/sample.go:65.3,65.17 1 0
smart-store-admin/backend/practice/sample.go:69.15,72.14 2 0
smart-store-admin/backend/practice/sample.go:72.14,74.3 1 0
smart-store-admin/backend/practice/sample.go:76.2,76.14 1 0
smart-store-admin/backend/practice/sample.go:76.14,78.3 1 0
smart-store-admin/backend/practice/sample.go:78.8,80.3 1 0
smart-store-admin/backend/practice/sample.go:82.2,82.16 1 0
smart-store-admin/backend/practice/sample.go:82.16,84.3 1 0
smart-store-admin/backend/practice/sample.go:84.8,86.3 1 0
smart-store-admin/backend/practice/sample.go:89.19,92.11 2 0
smart-store-admin/backend/practice/sample.go:93.9,94.24 1 0
smart-store-admin/backend/practice/sample.go:95.9,96.24 1 0
smart-store-admin/backend/practice/sample.go:97.10,98.33 1 0
smart-store-admin/backend/practice/sample.go:102.14,126.2 16 0
smart-store-admin/backend/practice/sample.go:128.14,138.2 6 0
smart-store-admin/backend/repository/mocks/repository_mock.go:29.79,33.2 3 0
smart-store-admin/backend/repository/mocks/repository_mock.go:36.77,38.2 1 0
smart-store-admin/backend/repository/mocks/repository_mock.go:41.92,46.2 4 0
smart-store-admin/backend/repository/mocks/repository_mock.go:49.92,52.2 2 0
smart-store-admin/backend/repository/mocks/repository_mock.go:55.90,60.2 4 0
smart-store-admin/backend/repository/mocks/repository_mock.go:63.87,66.2 2 0
smart-store-admin/backend/repository/mocks/repository_mock.go:69.112,75.2 5 0
smart-store-admin/backend/repository/mocks/repository_mock.go:78.100,81.2 2 0
smart-store-admin/backend/repository/mocks/repository_mock.go:84.110,90.2 5 0
smart-store-admin/backend/repository/mocks/repository_mock.go:93.88,96.2 2 0
smart-store-admin/backend/repository/mocks/repository_mock.go:99.93,105.2 5 0
smart-store-admin/backend/repository/mocks/repository_mock.go:108.88,111.2 2 0
smart-store-admin/backend/repository/mocks/repository_mock.go:114.105,120.2 5 0
smart-store-admin/backend/repository/mocks/repository_mock.go:123.94,126.2 2 0
smart-store-admin/backend/repository/mocks/repository_mock.go:129.92,134.2 4 0
smart-store-admin/backend/repository/mocks/repository_mock.go:137.92,140.2 2 0
smart-store-admin/backend/repository/mocks/repository_mock.go:154.81,158.2 3 0
smart-store-admin/backend/repository/mocks/repository_mock.go:161.79,163.2 1 0
smart-store-admin/backend/repository/mocks/repository_mock.go:166.95,171.2 4 0
smart-store-admin/backend/repository/mocks/repository_mock.go:174.94,177.2 2 0
smart-store-admin/backend/repository/mocks/repository_mock.go:180.103,186.2 5 0
smart-store-admin/backend/repository/mocks/repository_mock.go:189.97,192.2 2 0
smart-store-admin/backend/repository/mocks/repository_mock.go:195.112,201.2 5 0
smart-store-admin/backend/repository/mocks/repository_mock.go:204.89,207.2 2 0
smart-store-admin/backend/repository/mocks/repository_mock.go:210.120,216.2 5 0
smart-store-admin/backend/repository/mocks/repository_mock.go:219.107,222.2 2 0
smart-store-admin/backend/repository/mocks/repository_mock.go:225.107,231.2 5 0
smart-store-admin/backend/repository/mocks/repository_mock.go:234.95,237.2 2 0
smart-store-admin/backend/repository/mocks/repository_mock.go:240.125,245.2 4 0
smart-store-admin/backend/repository/mocks/repository_mock.go:248.106,251.2 2 0
smart-store-admin/backend/repository/mocks/repository_mock.go:254.127,259.2 4 0
smart-store-admin/backend/repository/mocks/repository_mock.go:262.102,265.2 2 0
smart-store-admin/backend/repository/mocks/repository_mock.go:279.73,283.2 3 0
smart-store-admin/backend/repository/mocks/repository_mock.go:286.71,288.2 1 0
smart-store-admin/backend/repository/mocks/repository_mock.go:291.83,296.2 4 0
smart-store-admin/backend/repository/mocks/repository_mock.go:299.86,302.2 2 0
smart-store-admin/backend/repository/mocks/repository_mock.go:305.104,311.2 5 0
smart-store-admin/backend/repository/mocks/repository_mock.go:314.85,317.2 2 0
smart-store-admin/backend/repository/mocks/repository_mock.go:320.105,326.2 5 0
smart-store-admin/backend/repository/mocks/repository_mock.go:329.93,332.2 2 0
smart-store-admin/backend/repository/mocks/repository_mock.go:335.142,341.2 5 0
smart-store-admin/backend/repository/mocks/repository_mock.go:344.117,347.2 2 0
smart-store-admin/backend/repository/mocks/repository_mock.go:350.116,356.2 5 0
smart-store-admin/backend/repository/mocks/repository_mock.go:359.104,362.2 2 0
smart-store-admin/backend/repository/mocks/repository_mock.go:365.117,371.2 5 0
smart-store-admin/backend/repository/mocks/repository_mock.go:374.105,377.2 2 0
smart-store-admin/backend/repository/mocks/repository_mock.go:380.113,386.2 5 0
smart-store-admin/backend/repository/mocks/repository_mock.go:389.104,392.2 2 0
smart-store-admin/backend/repository/mocks/repository_mock.go:395.110,401.2 5 0
smart-store-admin/backend/repository/mocks/repository_mock.go:404.105,407.2 2 0
smart-store-admin/backend/repository/mocks/repository_mock.go:421.93,425.2 3 0
smart-store-admin/backend/repository/mocks/repository_mock.go:428.91,430.2 1 0
smart-store-admin/backend/repository/mocks/repository_mock.go:433.101,438.2 4 0
smart-store-admin/backend/repository/mocks/repository_mock.go:441.94,444.2 2 0
smart-store-admin/backend/repository/mocks/repository_mock.go:447.133,453.2 5 0
smart-store-admin/backend/repository/mocks/repository_mock.go:456.117,459.2 2 0
smart-store-admin/backend/repository/mocks/repository_mock.go:462.132,468.2 5 0
smart-store-admin/backend/repository/mocks/repository_mock.go:471.110,474.2 2 0
smart-store-admin/backend/repository/mocks/repository_mock.go:477.103,483.2 5 0
smart-store-admin/backend/repository/mocks/repository_mock.go:486.93,489.2 2 0
smart-store-admin/backend/repository/mocks/repository_mock.go:492.143,497.2 4 0
smart-store-admin/backend/repository/mocks/repository_mock.go:500.118,503.2 2 0
smart-store-admin/backend/repository/mocks/repository_mock.go:506.137,511.2 4 0
smart-store-admin/backend/repository/mocks/repository_mock.go:514.115,517.2 2 0
smart-store-admin/backend/repository/delivery_repository.go:23.67,27.2 1 0
smart-store-admin/backend/repository/delivery_repository.go:30.95,36.16 5 0
smart-store-admin/backend/repository/delivery_repository.go:36.16,38.3 1 0
smart-store-admin/backend/repository/delivery_repository.go:40.2,41.12 2 0
smart-store-admin/backend/repository/delivery_repository.go:45.112,48.16 3 0
smart-store-admin/backend/repository/delivery_repository.go:48.16,50.3 1 0
smart-store-admin/backend/repository/delivery_repository.go:51.2,51.23 1 0
smart-store-admin/backend/repository/delivery_repository.go:55.107,58.16 3 0
smart-store-admin/backend/repository/delivery_repository.go:58.16,60.3 1 0
smart-store-admin/backend/repository/delivery_repository.go:61.2,64.52 3 0
smart-store-admin/backend/repository/delivery_repository.go:64.52,66.3 1 0
smart-store-admin/backend/repository/delivery_repository.go:67.2,67.24 1 0
smart-store-admin/backend/repository/delivery_repository.go:71.127,79.38 2 0
smart-store-admin/backend/repository/delivery_repository.go:79.38,81.3 1 0
smart-store-admin/backend/repository/delivery_repository.go:83.2,84.12 2 0
smart-store-admin/backend/repository/delivery_repository.go:88.125,98.2 3 0
smart-store-admin/backend/repository/delivery_repository.go:101.103,109.16 3 0
smart-store-admin/backend/repository/delivery_repository.go:109.16,111.3 1 0
smart-store-admin/backend/repository/delivery_repository.go:112.2,115.52 3 0
smart-store-admin/backend/repository/delivery_repository.go:115.52,117.3 1 0
smart-store-admin/backend/repository/delivery_repository.go:118.2,118.24 1 0
smart-store-admin/backend/repository/delivery_repository.go:122.120,124.16 2 0
smart-store-admin/backend/repository/delivery_repository.go:124.16,126.3 1 0
smart-store-admin/backend/repository/delivery_repository.go:127.2,130.52 3 0
smart-store-admin/backend/repository/delivery_repository.go:130.52,132.3 1 0
smart-store-admin/backend/repository/delivery_repository.go:133.2,133.24 1 0
smart-store-admin/backend/repository/product_repository.go:23.65,27.2 1 0
smart-store-admin/backend/repository/product_repository.go:30.92,35.16 4 0
smart-store-admin/backend/repository/product_repository.go:35.16,37.3 1 0
smart-store-admin/backend/repository/product_repository.go:39.2,40.12 2 0
smart-store-admin/backend/repository/product_repository.go:44.110,47.16 3 0
smart-store-admin/backend/repository/product_repository.go:47.16,49.3 1 0
smart-store-admin/backend/repository/product_repository.go:50.2,50.22 1 0
smart-store-admin/backend/repository/product_repository.go:54.105,57.16 3 0
smart-store-admin/backend/repository/product_repository.go:57.16,59.3 1 0
smart-store-admin/backend/repository/product_repository.go:60.2,63.50 3 0
smart-store-admin/backend/repository/product_repository.go:63.50,65.3 1 0
smart-store-admin/backend/repository/product_repository.go:66.2,66.22 1 0
smart-store-admin/backend/repository/product_repository.go:70.92,78.2 5 0
smart-store-admin/backend/repository/product_repository.go:81.90,84.2 2 0
smart-store-admin/backend/repository/product_repository.go:87.112,89.16 2 0
smart-store-admin/backend/repository/product_repository.go:89.16,91.3 1 0
smart-store-admin/backend/repository/product_repository.go:92.2,95.50 3 0
smart-store-admin/backend/repository/product_repository.go:95.50,97.3 1 0
smart-store-admin/backend/repository/product_repository.go:98.2,98.22 1 0
smart-store-admin/backend/repository/product_repository.go:102.93,109.16 3 0
smart-store-admin/backend/repository/product_repository.go:109.16,111.3 1 0
smart-store-admin/backend/repository/product_repository.go:112.2,115.50 3 0
smart-store-admin/backend/repository/product_repository.go:115.50,117.3 1 0
smart-store-admin/backend/repository/product_repository.go:118.2,118.22 1 0
smart-store-admin/backend/repository/sale_repository.go:23.59,27.2 1 0
smart-store-admin/backend/repository/sale_repository.go:30.83,34.16 3 0
smart-store-admin/backend/repository/sale_repository.go:34.16,36.3 1 0
smart-store-admin/backend/repository/sale_repository.go:38.2,39.12 2 0
smart-store-admin/backend/repository/sale_repository.go:43.104,46.16 3 0
smart-store-admin/backend/repository/sale_repository.go:46.16,48.3 1 0
smart-store-admin/backend/repository/sale_repository.go:49.2,49.19 1 0
smart-store-admin/backend/repository/sale_repository.go:53.105,65.16 5 0
smart-store-admin/backend/repository/sale_repository.go:65.16,67.3 1 0
smart-store-admin/backend/repository/sale_repository.go:68.2,71.47 3 0
smart-store-admin/backend/repository/sale_repository.go:71.47,73.3 1 0
smart-store-admin/backend/repository/sale_repository.go:74.2,74.19 1 0
smart-store-admin/backend/repository/sale_repository.go:78.113,80.16 2 0
smart-store-admin/backend/repository/sale_repository.go:80.16,82.3 1 0
smart-store-admin/backend/repository/sale_repository.go:83.2,86.47 3 0
smart-store-admin/backend/repository/sale_repository.go:86.47,88.3 1 0
smart-store-admin/backend/repository/sale_repository.go:89.2,89.19 1 0
smart-store-admin/backend/repository/sale_repository.go:93.117,103.16 4 0
smart-store-admin/backend/repository/sale_repository.go:103.16,105.3 1 0
smart-store-admin/backend/repository/sale_repository.go:106.2,109.47 3 0
smart-store-admin/backend/repository/sale_repository.go:109.47,111.3 1 0
smart-store-admin/backend/repository/sale_repository.go:112.2,112.19 1 0
smart-store-admin/backend/repository/sale_repository.go:116.110,137.16 3 0
smart-store-admin/backend/repository/sale_repository.go:137.16,139.3 1 0
smart-store-admin/backend/repository/sale_repository.go:140.2,145.48 3 0
smart-store-admin/backend/repository/sale_repository.go:145.48,147.3 1 0
smart-store-admin/backend/repository/sale_repository.go:149.2,149.22 1 0
smart-store-admin/backend/repository/sale_repository.go:149.22,151.3 1 0
smart-store-admin/backend/repository/sale_repository.go:152.2,152.29 1 0
smart-store-admin/backend/repository/sale_repository.go:156.142,158.16 2 0
smart-store-admin/backend/repository/sale_repository.go:158.16,160.3 1 0
smart-store-admin/backend/repository/sale_repository.go:162.2,164.29 3 0
smart-store-admin/backend/repository/sale_repository.go:164.29,167.3 2 0
smart-store-admin/backend/repository/sale_repository.go:169.2,169.20 1 0
smart-store-admin/backend/repository/sale_repository.go:169.20,171.3 1 0
smart-store-admin/backend/repository/sale_repository.go:172.2,174.20 2 0
smart-store-admin/backend/repository/sale_repository.go:178.116,189.16 3 0
smart-store-admin/backend/repository/sale_repository.go:189.16,191.3 1 0
smart-store-admin/backend/repository/sale_repository.go:192.2,195.23 3 0
smart-store-admin/backend/repository/sale_repository.go:195.23,200.46 2 0
smart-store-admin/backend/repository/sale_repository.go:200.46,202.4 1 0
smart-store-admin/backend/repository/sale_repository.go:203.3,203.37 1 0
smart-store-admin/backend/repository/sale_repository.go:206.2,206.20 1 0
smart-store-admin/backend/repository/store_operation_repository.go:23.79,27.2 1 0
smart-store-admin/backend/repository/store_operation_repository.go:30.101,36.16 5 0
smart-store-admin/backend/repository/store_operation_repository.go:36.16,38.3 1 0
smart-store-admin/backend/repository/store_operation_repository.go:40.2,41.12 2 0
smart-store-admin/backend/repository/store_operation_repository.go:45.103,49.16 4 0
smart-store-admin/backend/repository/store_operation_repository.go:49.16,51.3 1 0
smart-store-admin/backend/repository/store_operation_repository.go:52.2,52.17 1 0
smart-store-admin/backend/repository/store_operation_repository.go:56.132,66.16 4 0
smart-store-admin/backend/repository/store_operation_repository.go:66.16,68.3 1 0
smart-store-admin/backend/repository/store_operation_repository.go:69.2,72.52 3 0
smart-store-admin/backend/repository/store_operation_repository.go:72.52,74.3 1 0
smart-store-admin/backend/repository/store_operation_repository.go:75.2,75.24 1 0
smart-store-admin/backend/repository/store_operation_repository.go:79.142,95.2 5 0
smart-store-admin/backend/repository/store_operation_repository.go:98.151,114.2 5 0
smart-store-admin/backend/repository/store_operation_repository.go:117.133,138.16 3 0
smart-store-admin/backend/repository/store_operation_repository.go:138.16,140.3 1 0
smart-store-admin/backend/repository/store_operation_repository.go:141.2,148.48 3 0
smart-store-admin/backend/repository/store_operation_repository.go:148.48,150.3 1 0
smart-store-admin/backend/repository/store_operation_repository.go:152.2,152.22 1 0
smart-store-admin/backend/repository/store_operation_repository.go:152.22,158.3 1 0
smart-store-admin/backend/repository/store_operation_repository.go:160.2,164.8 1 0
smart-store-admin/backend/service/mocks/delivery_service_mock.go:28.93,32.2 3 0
smart-store-admin/backend/service/mocks/delivery_service_mock.go:35.91,37.2 1 0
smart-store-admin/backend/service/mocks/delivery_service_mock.go:40.109,45.2 4 0
smart-store-admin/backend/service/mocks/delivery_service_mock.go:48.108,51.2 2 0
smart-store-admin/backend/service/mocks/delivery_service_mock.go:54.109,60.2 5 0
smart-store-admin/backend/service/mocks/delivery_service_mock.go:63.103,66.2 2 0
smart-store-admin/backend/service/mocks/delivery_service_mock.go:69.126,75.2 5 0
smart-store-admin/backend/service/mocks/delivery_service_mock.go:78.113,81.2 2 0
smart-store-admin/backend/service/mocks/delivery_service_mock.go:84.126,90.2 5 0
smart-store-admin/backend/service/mocks/delivery_service_mock.go:93.103,96.2 2 0
smart-store-admin/backend/service/mocks/delivery_service_mock.go:99.139,104.2 4 0
smart-store-admin/backend/service/mocks/delivery_service_mock.go:107.120,110.2 2 0
smart-store-admin/backend/service/mocks/delivery_service_mock.go:113.141,118.2 4 0
smart-store-admin/backend/service/mocks/delivery_service_mock.go:121.116,124.2 2 0
smart-store-admin/backend/service/mocks/product_service_mock.go:28.91,32.2 3 0
smart-store-admin/backend/service/mocks/product_service_mock.go:35.89,37.2 1 0
smart-store-admin/backend/service/mocks/product_service_mock.go:40.105,45.2 4 0
smart-store-admin/backend/service/mocks/product_service_mock.go:48.105,51.2 2 0
smart-store-admin/backend/service/mocks/product_service_mock.go:54.96,59.2 4 0
smart-store-admin/backend/service/mocks/product_service_mock.go:62.93,65.2 2 0
smart-store-admin/backend/service/mocks/product_service_mock.go:68.123,74.2 5 0
smart-store-admin/backend/service/mocks/product_service_mock.go:77.101,80.2 2 0
smart-store-admin/backend/service/mocks/product_service_mock.go:83.126,89.2 5 0
smart-store-admin/backend/service/mocks/product_service_mock.go:92.114,95.2 2 0
smart-store-admin/backend/service/mocks/product_service_mock.go:98.111,104.2 5 0
smart-store-admin/backend/service/mocks/product_service_mock.go:107.100,110.2 2 0
smart-store-admin/backend/service/mocks/product_service_mock.go:113.98,118.2 4 0
smart-store-admin/backend/service/mocks/product_service_mock.go:121.98,124.2 2 0
smart-store-admin/backend/service/mocks/product_service_mock.go:127.115,132.2 4 0
smart-store-admin/backend/service/mocks/product_service_mock.go:135.108,138.2 2 0
smart-store-admin/backend/service/mocks/sale_service_mock.go:28.85,32.2 3 0
smart-store-admin/backend/service/mocks/sale_service_mock.go:35.83,37.2 1 0
smart-store-admin/backend/service/mocks/sale_service_mock.go:40.89,45.2 4 0
smart-store-admin/backend/service/mocks/sale_service_mock.go:48.92,51.2 2 0
smart-store-admin/backend/service/mocks/sale_service_mock.go:54.111,60.2 5 0
smart-store-admin/backend/service/mocks/sale_service_mock.go:63.99,66.2 2 0
smart-store-admin/backend/service/mocks/sale_service_mock.go:69.148,75.2 5 0
smart-store-admin/backend/service/mocks/sale_service_mock.go:78.123,81.2 2 0
smart-store-admin/backend/service/mocks/sale_service_mock.go:84.122,90.2 5 0
smart-store-admin/backend/service/mocks/sale_service_mock.go:93.110,96.2 2 0
smart-store-admin/backend/service/mocks/sale_service_mock.go:99.123,105.2 5 0
smart-store-admin/backend/service/mocks/sale_service_mock.go:108.111,111.2 2 0
smart-store-admin/backend/service/mocks/sale_service_mock.go:114.119,120.2 5 0
smart-store-admin/backend/service/mocks/sale_service_mock.go:123.110,126.2 2 0
smart-store-admin/backend/service/mocks/store_operation_service_mock.go:30.105,34.2 3 0
smart-store-admin/backend/service/mocks/store_operation_service_mock.go:37.103,39.2 1 0
smart-store-admin/backend/service/mocks/store_operation_service_mock.go:42.152,48.2 5 0
smart-store-admin/backend/service/mocks/store_operation_service_mock.go:51.125,54.2 2 0
smart-store-admin/backend/service/mocks/store_operation_service_mock.go:57.118,63.2 5 0
smart-store-admin/backend/service/mocks/store_operation_service_mock.go:66.108,69.2 2 0
smart-store-admin/backend/service/mocks/store_operation_service_mock.go:72.148,78.2 5 0
smart-store-admin/backend/service/mocks/store_operation_service_mock.go:81.126,84.2 2 0
smart-store-admin/backend/service/mocks/store_operation_service_mock.go:87.121,92.2 4 0
smart-store-admin/backend/service/mocks/store_operation_service_mock.go:95.114,98.2 2 0
smart-store-admin/backend/service/mocks/store_operation_service_mock.go:101.149,106.2 4 0
smart-store-admin/backend/service/mocks/store_operation_service_mock.go:109.124,112.2 2 0
smart-store-admin/backend/service/mocks/store_operation_service_mock.go:115.143,120.2 4 0
smart-store-admin/backend/service/mocks/store_operation_service_mock.go:123.121,126.2 2 0
smart-store-admin/backend/handler/product_handler.go:19.76,23.2 1 5
smart-store-admin/backend/handler/product_handler.go:26.62,28.75 2 2
smart-store-admin/backend/handler/product_handler.go:28.75,32.3 1 0
smart-store-admin/backend/handler/product_handler.go:34.2,34.88 1 2
smart-store-admin/backend/handler/product_handler.go:34.88,38.3 1 0
smart-store-admin/backend/handler/product_handler.go:40.2,40.44 1 1
smart-store-admin/backend/handler/product_handler.go:44.59,46.16 2 3
smart-store-admin/backend/handler/product_handler.go:46.16,50.3 1 1
smart-store-admin/backend/handler/product_handler.go:52.2,53.16 2 2
smart-store-admin/backend/handler/product_handler.go:53.16,57.3 1 1
smart-store-admin/backend/handler/product_handler.go:59.2,59.39 1 1
smart-store-admin/backend/handler/product_handler.go:63.61,67.52 3 2
smart-store-admin/backend/handler/product_handler.go:67.52,68.59 1 0
smart-store-admin/backend/handler/product_handler.go:68.59,70.4 1 0
smart-store-admin/backend/handler/product_handler.go:72.2,72.55 1 2
smart-store-admin/backend/handler/product_handler.go:72.55,73.60 1 0
smart-store-admin/backend/handler/product_handler.go:73.60,75.4 1 0
smart-store-admin/backend/handler/product_handler.go:78.2,80.16 3 2
smart-store-admin/backend/handler/product_handler.go:80.16,84.3 1 1
smart-store-admin/backend/handler/product_handler.go:86.2,86.40 1 1
smart-store-admin/backend/handler/product_handler.go:90.62,92.16 2 3
smart-store-admin/backend/handler/product_handler.go:92.16,96.3 1 1
smart-store-admin/backend/handler/product_handler.go:98.2,99.75 2 2
smart-store-admin/backend/handler/product_handler.go:99.75,103.3 1 0
smart-store-admin/backend/handler/product_handler.go:105.2,106.81 2 2
smart-store-admin/backend/handler/product_handler.go:106.81,110.3 1 0
smart-store-admin/backend/handler/product_handler.go:112.2,112.39 1 1
smart-store-admin/backend/handler/product_handler.go:116.62,118.16 2 3
smart-store-admin/backend/handler/product_handler.go:118.16,122.3 1 1
smart-store-admin/backend/handler/product_handler.go:124.2,124.75 1 2
smart-store-admin/backend/handler/product_handler.go:124.75,128.3 1 1
smart-store-admin/backend/handler/product_handler.go:130.2,130.42 1 1
smart-store-admin/backend/handler/sale_handler.go:18.67,22.2 1 0
smart-store-admin/backend/handler/sale_handler.go:25.56,27.72 2 0
smart-store-admin/backend/handler/sale_handler.go:27.72,31.3 1 0
smart-store-admin/backend/handler/sale_handler.go:33.2,33.75 1 0
smart-store-admin/backend/handler/sale_handler.go:33.75,37.3 1 0
smart-store-admin/backend/handler/sale_handler.go:39.2,39.41 1 0
smart-store-admin/backend/handler/sale_handler.go:43.59,46.16 3 0
smart-store-admin/backend/handler/sale_handler.go:46.16,50.3 1 0
smart-store-admin/backend/handler/sale_handler.go:52.2,53.16 2 0
smart-store-admin/backend/handler/sale_handler.go:53.16,57.3 1 0
smart-store-admin/backend/handler/sale_handler.go:59.2,59.37 1 0
smart-store-admin/backend/handler/sale_handler.go:63.65,68.16 4 0
smart-store-admin/backend/handler/sale_handler.go:68.16,72.3 1 0
smart-store-admin/backend/handler/sale_handler.go:74.2,75.16 2 0
smart-store-admin/backend/handler/sale_handler.go:75.16,79.3 1 0
smart-store-admin/backend/handler/sale_handler.go:81.2,82.16 2 0
smart-store-admin/backend/handler/sale_handler.go:82.16,86.3 1 0
smart-store-admin/backend/handler/sale_handler.go:88.2,88.37 1 0
smart-store-admin/backend/handler/sale_handler.go:92.68,97.16 4 0
smart-store-admin/backend/handler/sale_handler.go:97.16,101.3 1 0
smart-store-admin/backend/handler/sale_handler.go:103.2,104.16 2 0
smart-store-admin/backend/handler/sale_handler.go:104.16,108.3 1 0
smart-store-admin/backend/handler/sale_handler.go:110.2,111.16 2 0
smart-store-admin/backend/handler/sale_handler.go:111.16,115.3 1 0
smart-store-admin/backend/handler/sale_handler.go:117.2,117.38 1 0
smart-store-admin/backend/models/index.go:13.45,37.95 4 0
smart-store-admin/backend/models/index.go:37.95,40.3 2 0
smart-store-admin/backend/models/index.go:43.2,61.98 2 0
smart-store-admin/backend/models/index.go:61.98,64.3 2 0
smart-store-admin/backend/models/index.go:67.2,85.89 2 0
smart-store-admin/backend/models/index.go:85.89,88.3 2 0
smart-store-admin/backend/models/index.go:91.2,109.103 2 0
smart-store-admin/backend/models/index.go:109.103,112.3 2 0
smart-store-admin/backend/models/index.go:114.2,114.12 1 0
smart-store-admin/backend/repository/delivery_repository.go:23.67,27.2 1 0
smart-store-admin/backend/repository/delivery_repository.go:30.95,36.16 5 0
smart-store-admin/backend/repository/delivery_repository.go:36.16,38.3 1 0
smart-store-admin/backend/repository/delivery_repository.go:40.2,41.12 2 0
smart-store-admin/backend/repository/delivery_repository.go:45.112,48.16 3 0
smart-store-admin/backend/repository/delivery_repository.go:48.16,50.3 1 0
smart-store-admin/backend/repository/delivery_repository.go:51.2,51.23 1 0
smart-store-admin/backend/repository/delivery_repository.go:55.107,58.16 3 0
smart-store-admin/backend/repository/delivery_repository.go:58.16,60.3 1 0
smart-store-admin/backend/repository/delivery_repository.go:61.2,64.52 3 0
smart-store-admin/backend/repository/delivery_repository.go:64.52,66.3 1 0
smart-store-admin/backend/repository/delivery_repository.go:67.2,67.24 1 0
smart-store-admin/backend/repository/delivery_repository.go:71.127,79.38 2 0
smart-store-admin/backend/repository/delivery_repository.go:79.38,81.3 1 0
smart-store-admin/backend/repository/delivery_repository.go:83.2,84.12 2 0
smart-store-admin/backend/repository/delivery_repository.go:88.125,98.2 3 0
smart-store-admin/backend/repository/delivery_repository.go:101.103,109.16 3 0
smart-store-admin/backend/repository/delivery_repository.go:109.16,111.3 1 0
smart-store-admin/backend/repository/delivery_repository.go:112.2,115.52 3 0
smart-store-admin/backend/repository/delivery_repository.go:115.52,117.3 1 0
smart-store-admin/backend/repository/delivery_repository.go:118.2,118.24 1 0
smart-store-admin/backend/repository/delivery_repository.go:122.120,124.16 2 0
smart-store-admin/backend/repository/delivery_repository.go:124.16,126.3 1 0
smart-store-admin/backend/repository/delivery_repository.go:127.2,130.52 3 0
smart-store-admin/backend/repository/delivery_repository.go:130.52,132.3 1 0
smart-store-admin/backend/repository/delivery_repository.go:133.2,133.24 1 0
smart-store-admin/backend/repository/product_repository.go:23.65,27.2 1 0
smart-store-admin/backend/repository/product_repository.go:30.92,35.16 4 0
smart-store-admin/backend/repository/product_repository.go:35.16,37.3 1 0
smart-store-admin/backend/repository/product_repository.go:39.2,40.12 2 0
smart-store-admin/backend/repository/product_repository.go:44.110,47.16 3 0
smart-store-admin/backend/repository/product_repository.go:47.16,49.3 1 0
smart-store-admin/backend/repository/product_repository.go:50.2,50.22 1 0
smart-store-admin/backend/repository/product_repository.go:54.105,57.16 3 0
smart-store-admin/backend/repository/product_repository.go:57.16,59.3 1 0
smart-store-admin/backend/repository/product_repository.go:60.2,63.50 3 0
smart-store-admin/backend/repository/product_repository.go:63.50,65.3 1 0
smart-store-admin/backend/repository/product_repository.go:66.2,66.22 1 0
smart-store-admin/backend/repository/product_repository.go:70.92,78.2 5 0
smart-store-admin/backend/repository/product_repository.go:81.90,84.2 2 0
smart-store-admin/backend/repository/product_repository.go:87.112,89.16 2 0
smart-store-admin/backend/repository/product_repository.go:89.16,91.3 1 0
smart-store-admin/backend/repository/product_repository.go:92.2,95.50 3 0
smart-store-admin/backend/repository/product_repository.go:95.50,97.3 1 0
smart-store-admin/backend/repository/product_repository.go:98.2,98.22 1 0
smart-store-admin/backend/repository/product_repository.go:102.93,109.16 3 0
smart-store-admin/backend/repository/product_repository.go:109.16,111.3 1 0
smart-store-admin/backend/repository/product_repository.go:112.2,115.50 3 0
smart-store-admin/backend/repository/product_repository.go:115.50,117.3 1 0
smart-store-admin/backend/repository/product_repository.go:118.2,118.22 1 0
smart-store-admin/backend/repository/sale_repository.go:23.59,27.2 1 0
smart-store-admin/backend/repository/sale_repository.go:30.83,34.16 3 0
smart-store-admin/backend/repository/sale_repository.go:34.16,36.3 1 0
smart-store-admin/backend/repository/sale_repository.go:38.2,39.12 2 0
smart-store-admin/backend/repository/sale_repository.go:43.104,46.16 3 0
smart-store-admin/backend/repository/sale_repository.go:46.16,48.3 1 0
smart-store-admin/backend/repository/sale_repository.go:49.2,49.19 1 0
smart-store-admin/backend/repository/sale_repository.go:53.105,65.16 5 0
smart-store-admin/backend/repository/sale_repository.go:65.16,67.3 1 0
smart-store-admin/backend/repository/sale_repository.go:68.2,71.47 3 0
smart-store-admin/backend/repository/sale_repository.go:71.47,73.3 1 0
smart-store-admin/backend/repository/sale_repository.go:74.2,74.19 1 0
smart-store-admin/backend/repository/sale_repository.go:78.113,80.16 2 0
smart-store-admin/backend/repository/sale_repository.go:80.16,82.3 1 0
smart-store-admin/backend/repository/sale_repository.go:83.2,86.47 3 0
smart-store-admin/backend/repository/sale_repository.go:86.47,88.3 1 0
smart-store-admin/backend/repository/sale_repository.go:89.2,89.19 1 0
smart-store-admin/backend/repository/sale_repository.go:93.117,103.16 4 0
smart-store-admin/backend/repository/sale_repository.go:103.16,105.3 1 0
smart-store-admin/backend/repository/sale_repository.go:106.2,109.47 3 0
smart-store-admin/backend/repository/sale_repository.go:109.47,111.3 1 0
smart-store-admin/backend/repository/sale_repository.go:112.2,112.19 1 0
smart-store-admin/backend/repository/sale_repository.go:116.110,137.16 3 0
smart-store-admin/backend/repository/sale_repository.go:137.16,139.3 1 0
smart-store-admin/backend/repository/sale_repository.go:140.2,145.48 3 0
smart-store-admin/backend/repository/sale_repository.go:145.48,147.3 1 0
smart-store-admin/backend/repository/sale_repository.go:149.2,149.22 1 0
smart-store-admin/backend/repository/sale_repository.go:149.22,151.3 1 0
smart-store-admin/backend/repository/sale_repository.go:152.2,152.29 1 0
smart-store-admin/backend/repository/sale_repository.go:156.142,158.16 2 0
smart-store-admin/backend/repository/sale_repository.go:158.16,160.3 1 0
smart-store-admin/backend/repository/sale_repository.go:162.2,164.29 3 0
smart-store-admin/backend/repository/sale_repository.go:164.29,167.3 2 0
smart-store-admin/backend/repository/sale_repository.go:169.2,169.20 1 0
smart-store-admin/backend/repository/sale_repository.go:169.20,171.3 1 0
smart-store-admin/backend/repository/sale_repository.go:172.2,174.20 2 0
smart-store-admin/backend/repository/sale_repository.go:178.116,189.16 3 0
smart-store-admin/backend/repository/sale_repository.go:189.16,191.3 1 0
smart-store-admin/backend/repository/sale_repository.go:192.2,195.23 3 0
smart-store-admin/backend/repository/sale_repository.go:195.23,200.46 2 0
smart-store-admin/backend/repository/sale_repository.go:200.46,202.4 1 0
smart-store-admin/backend/repository/sale_repository.go:203.3,203.37 1 0
smart-store-admin/backend/repository/sale_repository.go:206.2,206.20 1 0
smart-store-admin/backend/repository/store_operation_repository.go:23.79,27.2 1 0
smart-store-admin/backend/repository/store_operation_repository.go:30.101,36.16 5 0
smart-store-admin/backend/repository/store_operation_repository.go:36.16,38.3 1 0
smart-store-admin/backend/repository/store_operation_repository.go:40.2,41.12 2 0
smart-store-admin/backend/repository/store_operation_repository.go:45.103,49.16 4 0
smart-store-admin/backend/repository/store_operation_repository.go:49.16,51.3 1 0
smart-store-admin/backend/repository/store_operation_repository.go:52.2,52.17 1 0
smart-store-admin/backend/repository/store_operation_repository.go:56.132,66.16 4 0
smart-store-admin/backend/repository/store_operation_repository.go:66.16,68.3 1 0
smart-store-admin/backend/repository/store_operation_repository.go:69.2,72.52 3 0
smart-store-admin/backend/repository/store_operation_repository.go:72.52,74.3 1 0
smart-store-admin/backend/repository/store_operation_repository.go:75.2,75.24 1 0
smart-store-admin/backend/repository/store_operation_repository.go:79.142,95.2 5 0
smart-store-admin/backend/repository/store_operation_repository.go:98.151,114.2 5 0
smart-store-admin/backend/repository/store_operation_repository.go:117.133,138.16 3 0
smart-store-admin/backend/repository/store_operation_repository.go:138.16,140.3 1 0
smart-store-admin/backend/repository/store_operation_repository.go:141.2,148.48 3 0
smart-store-admin/backend/repository/store_operation_repository.go:148.48,150.3 1 0
smart-store-admin/backend/repository/store_operation_repository.go:152.2,152.22 1 0
smart-store-admin/backend/repository/store_operation_repository.go:152.22,158.3 1 0
smart-store-admin/backend/repository/store_operation_repository.go:160.2,164.8 1 0
smart-store-admin/backend/service/mocks/delivery_service_mock.go:28.93,32.2 3 0
smart-store-admin/backend/service/mocks/delivery_service_mock.go:35.91,37.2 1 0
smart-store-admin/backend/service/mocks/delivery_service_mock.go:40.109,45.2 4 0
smart-store-admin/backend/service/mocks/delivery_service_mock.go:48.108,51.2 2 0
smart-store-admin/backend/service/mocks/delivery_service_mock.go:54.109,60.2 5 0
smart-store-admin/backend/service/mocks/delivery_service_mock.go:63.103,66.2 2 0
smart-store-admin/backend/service/mocks/delivery_service_mock.go:69.126,75.2 5 0
smart-store-admin/backend/service/mocks/delivery_service_mock.go:78.113,81.2 2 0
smart-store-admin/backend/service/mocks/delivery_service_mock.go:84.126,90.2 5 0
smart-store-admin/backend/service/mocks/delivery_service_mock.go:93.103,96.2 2 0
smart-store-admin/backend/service/mocks/delivery_service_mock.go:99.139,104.2 4 0
smart-store-admin/backend/service/mocks/delivery_service_mock.go:107.120,110.2 2 0
smart-store-admin/backend/service/mocks/delivery_service_mock.go:113.141,118.2 4 0
smart-store-admin/backend/service/mocks/delivery_service_mock.go:121.116,124.2 2 0
smart-store-admin/backend/service/mocks/product_service_mock.go:28.91,32.2 3 5
smart-store-admin/backend/service/mocks/product_service_mock.go:35.89,37.2 1 8
smart-store-admin/backend/service/mocks/product_service_mock.go:40.105,45.2 4 2
smart-store-admin/backend/service/mocks/product_service_mock.go:48.105,51.2 2 1
smart-store-admin/backend/service/mocks/product_service_mock.go:54.96,59.2 4 2
smart-store-admin/backend/service/mocks/product_service_mock.go:62.93,65.2 2 2
smart-store-admin/backend/service/mocks/product_service_mock.go:68.123,74.2 5 2
smart-store-admin/backend/service/mocks/product_service_mock.go:77.101,80.2 2 2
smart-store-admin/backend/service/mocks/product_service_mock.go:83.126,89.2 5 0
smart-store-admin/backend/service/mocks/product_service_mock.go:92.114,95.2 2 0
smart-store-admin/backend/service/mocks/product_service_mock.go:98.111,104.2 5 2
smart-store-admin/backend/service/mocks/product_service_mock.go:107.100,110.2 2 2
smart-store-admin/backend/service/mocks/product_service_mock.go:113.98,118.2 4 2
smart-store-admin/backend/service/mocks/product_service_mock.go:121.98,124.2 2 1
smart-store-admin/backend/service/mocks/product_service_mock.go:127.115,132.2 4 0
smart-store-admin/backend/service/mocks/product_service_mock.go:135.108,138.2 2 0
smart-store-admin/backend/service/mocks/sale_service_mock.go:28.85,32.2 3 0
smart-store-admin/backend/service/mocks/sale_service_mock.go:35.83,37.2 1 0
smart-store-admin/backend/service/mocks/sale_service_mock.go:40.89,45.2 4 0
smart-store-admin/backend/service/mocks/sale_service_mock.go:48.92,51.2 2 0
smart-store-admin/backend/service/mocks/sale_service_mock.go:54.111,60.2 5 0
smart-store-admin/backend/service/mocks/sale_service_mock.go:63.99,66.2 2 0
smart-store-admin/backend/service/mocks/sale_service_mock.go:69.148,75.2 5 0
smart-store-admin/backend/service/mocks/sale_service_mock.go:78.123,81.2 2 0
smart-store-admin/backend/service/mocks/sale_service_mock.go:84.122,90.2 5 0
smart-store-admin/backend/service/mocks/sale_service_mock.go:93.110,96.2 2 0
smart-store-admin/backend/service/mocks/sale_service_mock.go:99.123,105.2 5 0
smart-store-admin/backend/service/mocks/sale_service_mock.go:108.111,111.2 2 0
smart-store-admin/backend/service/mocks/sale_service_mock.go:114.119,120.2 5 0
smart-store-admin/backend/service/mocks/sale_service_mock.go:123.110,126.2 2 0
smart-store-admin/backend/service/mocks/store_operation_service_mock.go:30.105,34.2 3 0
smart-store-admin/backend/service/mocks/store_operation_service_mock.go:37.103,39.2 1 0
smart-store-admin/backend/service/mocks/store_operation_service_mock.go:42.152,48.2 5 0
smart-store-admin/backend/service/mocks/store_operation_service_mock.go:51.125,54.2 2 0
smart-store-admin/backend/service/mocks/store_operation_service_mock.go:57.118,63.2 5 0
smart-store-admin/backend/service/mocks/store_operation_service_mock.go:66.108,69.2 2 0
smart-store-admin/backend/service/mocks/store_operation_service_mock.go:72.148,78.2 5 0
smart-store-admin/backend/service/mocks/store_operation_service_mock.go:81.126,84.2 2 0
smart-store-admin/backend/service/mocks/store_operation_service_mock.go:87.121,92.2 4 0
smart-store-admin/backend/service/mocks/store_operation_service_mock.go:95.114,98.2 2 0
smart-store-admin/backend/service/mocks/store_operation_service_mock.go:101.149,106.2 4 0
smart-store-admin/backend/service/mocks/store_operation_service_mock.go:109.124,112.2 2 0
smart-store-admin/backend/service/mocks/store_operation_service_mock.go:115.143,120.2 4 0
smart-store-admin/backend/service/mocks/store_operation_service_mock.go:123.121,126.2 2 0
